2018-07-21 12:06:19 -  - exec CUpdateClientPartner::__CollectRequestData
2018-07-21 12:06:19 -  - exec CUpdateClientPartner::GetHTTPPage
2018-07-21 12:06:19 -  - exec CUpdateClientPartner::ParseServerData
2018-07-21 12:06:19 -  - exec CUpdateClientPartner::GetUpdatesList
2018-07-21 12:06:19 -  - exec CUpdateClientPartner::__CollectRequestData
2018-07-21 12:06:19 -  - utf=Y&lang=ru&stable=Y&CANGZIP=Y&SUPD_DBS=MYSQL&XE=N&CLIENT_SITE=tchproeh.beget.tech&LICENSE_KEY=X&SUPD_STS=1&SUPD_URS=0&SUPD_URSA=1&TYPENC=D&CLIENT_PHPVER=5.6.30&NGINX=Y&dbv=5.7.21&instm=main%2C18.0.0%2CY%3Bbitrix.sitecorporate%2C15.5.0%2CN%3Biblock%2C17.6.3%2CN%3Bsecurity%2C17.0.2%2CN%3Bfileman%2C17.5.12%2CN%3Bbizproc%2C17.6.2%2CN%3Bbitrix.sitepersonal%2C15.5.0%2CN%3Bhighloadblock%2C17.5.0%2CN%3Bim%2C18.0.2%2CN%3Bbizprocdesigner%2C17.5.3%2CN%3Bseo%2C18.0.0%2CN%3Bbitrix.siteinfoportal%2C15.5.0%2CN%3Bphotogallery%2C17.0.2%2CN%3Bvote%2C17.5.1%2CN%3Badvertising%2C17.0.1%2CN%3Bcurrency%2C17.5.4%2CN%3Bcompression%2C16.0.0%2CN%3Bstoreassist%2C16.0.1%2CN%3Btranslate%2C16.0.0%2CN%3Babtest%2C17.5.0%2CN%3Bsubscribe%2C17.5.0%2CN%3Bbitrixcloud%2C17.5.0%2CN%3Bscale%2C17.5.0%2CN%3Bcatalog%2C17.6.2%2CN%3Blists%2C17.0.18%2CN%3Bconversion%2C17.5.0%2CN%3Bblog%2C17.6.1%2CN%3Bclouds%2C17.0.2%2CN%3Bsearch%2C17.5.1%2CN%3Bworkflow%2C17.0.1%2CN%3Blanding%2C18.3.0%2CN%3Bui%2C17.6.0%2CN%3Bidea%2C17.5.0%2CN%3Bsale%2C17.8.19%2CN%3Bcalendar%2C17.5.14%2CN%3Bcluster%2C17.0.1%2CN%3Blearning%2C17.5.0%2CN%3Bforum%2C17.5.5%2CN%3Bsocialservices%2C17.5.4%2CN%3Bmessageservice%2C18.0.0%2CN%3Bbitrix.eshop%2C17.5.0%2CN%3Bbitrix.sitecommunity%2C15.5.0%2CN%3Bmobileapp%2C17.5.1%2CN%3Bform%2C17.0.1%2CN%3Bb24connector%2C17.5.0%2CN%3Bperfmon%2C17.0.1%2CN%3Bsupport%2C16.0.0%2CN%3Bwebservice%2C17.0.0%2CN%3Bldap%2C17.0.1%2CN%3Bsender%2C18.0.0%2CN%3Bstatistic%2C17.0.1%2CN%3Beshopapp%2C16.5.0%2CN%3Bpull%2C17.5.4%2CN%3Breport%2C18.0.4%2CN%3Bwiki%2C17.5.1%2CN%3Bsocialnetwork%2C17.6.2%2CN%3Brest%2C18.0.0%2CN%3Bmail%2C17.5.6%2CN&reqm=bitrix.sitecorporate%2Cbitrix.sitepersonal%2Cbitrix.siteinfoportal%2Cbitrix.eshop%2Cbitrix.sitecommunity&fullmoduleinfo=Y&SUPD_SRS=0&SUPD_CMP=N
2018-07-21 12:06:19 -  - exec CUpdateClientPartner::GetHTTPPage
2018-07-21 12:06:20 -  - TIME GetUpdatesList(request) 0.26 sec
2018-07-21 12:06:20 -  - exec CUpdateClientPartner::ParseServerData
2018-07-21 12:06:20 -  - exec CUpdateClientPartner::__CollectRequestData
2018-07-21 12:06:20 -  - exec CUpdateClientPartner::GetHTTPPage
2018-07-21 12:06:20 -  - exec CUpdateClientPartner::ParseServerData
2018-07-22 13:50:48 -  - exec CUpdateClientPartner::__CollectRequestData
2018-07-22 13:50:48 -  - exec CUpdateClientPartner::GetHTTPPage
2018-07-22 13:50:48 -  - exec CUpdateClientPartner::ParseServerData
2018-07-22 13:50:48 -  - exec CUpdateClientPartner::GetUpdatesList
2018-07-22 13:50:48 -  - exec CUpdateClientPartner::__CollectRequestData
2018-07-22 13:50:48 -  - utf=Y&lang=ru&stable=Y&CANGZIP=Y&SUPD_DBS=MYSQL&XE=N&CLIENT_SITE=tchproeh.beget.tech&LICENSE_KEY=X&SUPD_STS=1&SUPD_URS=0&SUPD_URSA=1&TYPENC=D&CLIENT_PHPVER=5.6.30&NGINX=Y&dbv=5.7.21&instm=main%2C18.0.0%2CY%3Bbitrix.sitecorporate%2C15.5.0%2CN%3Biblock%2C17.6.3%2CN%3Bsecurity%2C17.0.2%2CN%3Bfileman%2C17.5.12%2CN%3Bbizproc%2C17.6.2%2CN%3Bbitrix.sitepersonal%2C15.5.0%2CN%3Bhighloadblock%2C17.5.0%2CN%3Bim%2C18.0.2%2CN%3Bbizprocdesigner%2C17.5.3%2CN%3Bseo%2C18.0.0%2CN%3Bbitrix.siteinfoportal%2C15.5.0%2CN%3Bphotogallery%2C17.0.2%2CN%3Bvote%2C17.5.1%2CN%3Badvertising%2C17.0.1%2CN%3Bcurrency%2C17.5.4%2CN%3Bcompression%2C16.0.0%2CN%3Bstoreassist%2C16.0.1%2CN%3Btranslate%2C16.0.0%2CN%3Babtest%2C17.5.0%2CN%3Bsubscribe%2C17.5.0%2CN%3Bbitrixcloud%2C17.5.0%2CN%3Bscale%2C17.5.0%2CN%3Bcatalog%2C17.6.2%2CN%3Blists%2C17.0.18%2CN%3Bconversion%2C17.5.0%2CN%3Bblog%2C17.6.1%2CN%3Bclouds%2C17.0.2%2CN%3Bsearch%2C17.5.1%2CN%3Bworkflow%2C17.0.1%2CN%3Blanding%2C18.3.0%2CN%3Bui%2C17.6.0%2CN%3Bidea%2C17.5.0%2CN%3Bsale%2C17.8.19%2CN%3Bcalendar%2C17.5.14%2CN%3Bcluster%2C17.0.1%2CN%3Blearning%2C17.5.0%2CN%3Bforum%2C17.5.5%2CN%3Bsocialservices%2C17.5.4%2CN%3Bmessageservice%2C18.0.0%2CN%3Bbitrix.eshop%2C17.5.0%2CN%3Bbitrix.sitecommunity%2C15.5.0%2CN%3Bmobileapp%2C17.5.1%2CN%3Bform%2C17.0.1%2CN%3Bb24connector%2C17.5.0%2CN%3Bperfmon%2C17.0.1%2CN%3Bsupport%2C16.0.0%2CN%3Bwebservice%2C17.0.0%2CN%3Bldap%2C17.0.1%2CN%3Bsender%2C18.0.0%2CN%3Bstatistic%2C17.0.1%2CN%3Beshopapp%2C16.5.0%2CN%3Bpull%2C17.5.4%2CN%3Breport%2C18.0.4%2CN%3Bwiki%2C17.5.1%2CN%3Bsocialnetwork%2C17.6.2%2CN%3Brest%2C18.0.0%2CN%3Bmail%2C17.5.6%2CN&reqm=bitrix.sitecorporate%2Cbitrix.sitepersonal%2Cbitrix.siteinfoportal%2Cbitrix.eshop%2Cbitrix.sitecommunity&fullmoduleinfo=Y&SUPD_SRS=0&SUPD_CMP=N
2018-07-22 13:50:48 -  - exec CUpdateClientPartner::GetHTTPPage
2018-07-22 13:50:48 -  - TIME GetUpdatesList(request) 0.257 sec
2018-07-22 13:50:48 -  - exec CUpdateClientPartner::ParseServerData
2018-07-22 13:50:48 -  - exec CUpdateClientPartner::__CollectRequestData
2018-07-22 13:50:48 -  - exec CUpdateClientPartner::GetHTTPPage
2018-07-22 13:50:49 -  - exec CUpdateClientPartner::ParseServerData
2018-07-23 15:00:36 -  - exec CUpdateClientPartner::__CollectRequestData
2018-07-23 15:00:36 -  - exec CUpdateClientPartner::GetHTTPPage
2018-07-23 15:00:36 -  - exec CUpdateClientPartner::ParseServerData
2018-07-23 15:00:36 -  - exec CUpdateClientPartner::GetUpdatesList
2018-07-23 15:00:36 -  - exec CUpdateClientPartner::__CollectRequestData
2018-07-23 15:00:36 -  - utf=Y&lang=ru&stable=Y&CANGZIP=Y&SUPD_DBS=MYSQL&XE=N&CLIENT_SITE=tchproeh.beget.tech&LICENSE_KEY=X&SUPD_STS=1&SUPD_URS=0&SUPD_URSA=1&TYPENC=D&CLIENT_PHPVER=5.6.30&NGINX=Y&dbv=5.7.21&instm=main%2C18.0.0%2CY%3Bbitrix.sitecorporate%2C15.5.0%2CN%3Biblock%2C17.6.3%2CN%3Bsecurity%2C17.0.2%2CN%3Bfileman%2C17.5.12%2CN%3Bbizproc%2C17.6.2%2CN%3Bbitrix.sitepersonal%2C15.5.0%2CN%3Bhighloadblock%2C17.5.0%2CN%3Bim%2C18.0.2%2CN%3Bbizprocdesigner%2C17.5.3%2CN%3Bseo%2C18.0.0%2CN%3Bbitrix.siteinfoportal%2C15.5.0%2CN%3Bphotogallery%2C17.0.2%2CN%3Bvote%2C17.5.1%2CN%3Badvertising%2C17.0.1%2CN%3Bcurrency%2C17.5.4%2CN%3Bcompression%2C16.0.0%2CN%3Bstoreassist%2C16.0.1%2CN%3Btranslate%2C16.0.0%2CN%3Babtest%2C17.5.0%2CN%3Bsubscribe%2C17.5.0%2CN%3Bbitrixcloud%2C17.5.0%2CN%3Bscale%2C17.5.0%2CN%3Bcatalog%2C17.6.2%2CN%3Blists%2C17.0.18%2CN%3Bconversion%2C17.5.0%2CN%3Bblog%2C17.6.1%2CN%3Bclouds%2C17.0.2%2CN%3Bsearch%2C17.5.1%2CN%3Bworkflow%2C17.0.1%2CN%3Blanding%2C18.3.0%2CN%3Bui%2C17.6.0%2CN%3Bidea%2C17.5.0%2CN%3Bsale%2C17.8.19%2CN%3Bcalendar%2C17.5.14%2CN%3Bcluster%2C17.0.1%2CN%3Blearning%2C17.5.0%2CN%3Bforum%2C17.5.5%2CN%3Bsocialservices%2C17.5.4%2CN%3Bmessageservice%2C18.0.0%2CN%3Bbitrix.eshop%2C17.5.0%2CN%3Bbitrix.sitecommunity%2C15.5.0%2CN%3Bmobileapp%2C17.5.1%2CN%3Bform%2C17.0.1%2CN%3Bb24connector%2C17.5.0%2CN%3Bperfmon%2C17.0.1%2CN%3Bsupport%2C16.0.0%2CN%3Bwebservice%2C17.0.0%2CN%3Bldap%2C17.0.1%2CN%3Bsender%2C18.0.0%2CN%3Bstatistic%2C17.0.1%2CN%3Beshopapp%2C16.5.0%2CN%3Bpull%2C17.5.4%2CN%3Breport%2C18.0.4%2CN%3Bwiki%2C17.5.1%2CN%3Bsocialnetwork%2C17.6.2%2CN%3Brest%2C18.0.0%2CN%3Bmail%2C17.5.6%2CN&reqm=bitrix.sitecorporate%2Cbitrix.sitepersonal%2Cbitrix.siteinfoportal%2Cbitrix.eshop%2Cbitrix.sitecommunity&fullmoduleinfo=Y&SUPD_SRS=0&SUPD_CMP=N
2018-07-23 15:00:36 -  - exec CUpdateClientPartner::GetHTTPPage
2018-07-23 15:00:37 -  - TIME GetUpdatesList(request) 0.391 sec
2018-07-23 15:00:37 -  - exec CUpdateClientPartner::ParseServerData
2018-07-23 15:00:37 -  - exec CUpdateClientPartner::__CollectRequestData
2018-07-23 15:00:37 -  - exec CUpdateClientPartner::GetHTTPPage
2018-07-23 15:00:37 -  - exec CUpdateClientPartner::ParseServerData
2018-07-24 15:17:09 -  - exec CUpdateClientPartner::__CollectRequestData
2018-07-24 15:17:09 -  - exec CUpdateClientPartner::GetHTTPPage
2018-07-24 15:17:09 -  - exec CUpdateClientPartner::ParseServerData
2018-07-24 15:17:09 -  - exec CUpdateClientPartner::GetUpdatesList
2018-07-24 15:17:09 -  - exec CUpdateClientPartner::__CollectRequestData
2018-07-24 15:17:09 -  - utf=Y&lang=ru&stable=Y&CANGZIP=Y&SUPD_DBS=MYSQL&XE=N&CLIENT_SITE=tchproeh.beget.tech&LICENSE_KEY=X&SUPD_STS=1&SUPD_URS=0&SUPD_URSA=1&TYPENC=D&CLIENT_PHPVER=5.6.30&NGINX=Y&dbv=5.7.21&instm=main%2C18.0.0%2CY%3Bbitrix.sitecorporate%2C15.5.0%2CN%3Biblock%2C17.6.3%2CN%3Bsecurity%2C17.0.2%2CN%3Bfileman%2C17.5.12%2CN%3Bbizproc%2C17.6.2%2CN%3Bbitrix.sitepersonal%2C15.5.0%2CN%3Bhighloadblock%2C17.5.0%2CN%3Bim%2C18.0.2%2CN%3Bbizprocdesigner%2C17.5.3%2CN%3Bseo%2C18.0.0%2CN%3Bbitrix.siteinfoportal%2C15.5.0%2CN%3Bphotogallery%2C17.0.2%2CN%3Bvote%2C17.5.1%2CN%3Badvertising%2C17.0.1%2CN%3Bcurrency%2C17.5.4%2CN%3Bcompression%2C16.0.0%2CN%3Bstoreassist%2C16.0.1%2CN%3Btranslate%2C16.0.0%2CN%3Babtest%2C17.5.0%2CN%3Bsubscribe%2C17.5.0%2CN%3Bbitrixcloud%2C17.5.0%2CN%3Bscale%2C17.5.0%2CN%3Bcatalog%2C17.6.2%2CN%3Blists%2C17.0.18%2CN%3Bconversion%2C17.5.0%2CN%3Bblog%2C17.6.1%2CN%3Bclouds%2C17.0.2%2CN%3Bsearch%2C17.5.1%2CN%3Bworkflow%2C17.0.1%2CN%3Blanding%2C18.3.0%2CN%3Bui%2C17.6.0%2CN%3Bidea%2C17.5.0%2CN%3Bsale%2C17.8.19%2CN%3Bcalendar%2C17.5.14%2CN%3Bcluster%2C17.0.1%2CN%3Blearning%2C17.5.0%2CN%3Bforum%2C17.5.5%2CN%3Bsocialservices%2C17.5.4%2CN%3Bmessageservice%2C18.0.0%2CN%3Bbitrix.eshop%2C17.5.0%2CN%3Bbitrix.sitecommunity%2C15.5.0%2CN%3Bmobileapp%2C17.5.1%2CN%3Bform%2C17.0.1%2CN%3Bb24connector%2C17.5.0%2CN%3Bperfmon%2C17.0.1%2CN%3Bsupport%2C16.0.0%2CN%3Bwebservice%2C17.0.0%2CN%3Bldap%2C17.0.1%2CN%3Bsender%2C18.0.0%2CN%3Bstatistic%2C17.0.1%2CN%3Beshopapp%2C16.5.0%2CN%3Bpull%2C17.5.4%2CN%3Breport%2C18.0.4%2CN%3Bwiki%2C17.5.1%2CN%3Bsocialnetwork%2C17.6.2%2CN%3Brest%2C18.0.0%2CN%3Bmail%2C17.5.6%2CN&reqm=bitrix.sitecorporate%2Cbitrix.sitepersonal%2Cbitrix.siteinfoportal%2Cbitrix.eshop%2Cbitrix.sitecommunity&fullmoduleinfo=Y&SUPD_SRS=0&SUPD_CMP=N
2018-07-24 15:17:09 -  - exec CUpdateClientPartner::GetHTTPPage
2018-07-24 15:17:09 -  - TIME GetUpdatesList(request) 0.296 sec
2018-07-24 15:17:09 -  - exec CUpdateClientPartner::ParseServerData
2018-07-24 15:17:09 -  - exec CUpdateClientPartner::__CollectRequestData
2018-07-24 15:17:09 -  - exec CUpdateClientPartner::GetHTTPPage
2018-07-24 15:17:10 -  - exec CUpdateClientPartner::ParseServerData
